<?xml version="1.0" encoding="UTF-8"?>
<testng-results skipped="0" failed="1" ignored="0" total="2" passed="1">
  <reporter-output>
  </reporter-output>
  <suite name="TestNGXMLTest Test Suite" duration-ms="68966" started-at="2020-03-25T06:56:52Z" finished-at="2020-03-25T06:58:01Z">
    <groups>
    </groups>
    <test name="Login Test" duration-ms="68966" started-at="2020-03-25T06:56:52Z" finished-at="2020-03-25T06:58:01Z">
      <class name="fmaven.mymaveen.Login">
        <test-method status="PASS" signature="setup()[pri:0, instance:fmaven.mymaveen.Login@33afa13b]" name="setup" is-config="true" duration-ms="30401" started-at="2020-03-25T06:56:52Z" finished-at="2020-03-25T06:57:22Z">
          <reporter-output>
          </reporter-output>
        </test-method> <!-- setup -->
        <test-method status="FAIL" signature="titleTest()[pri:1, instance:fmaven.mymaveen.Login@33afa13b]" name="titleTest" duration-ms="31" started-at="2020-03-25T06:57:22Z" finished-at="2020-03-25T06:57:22Z">
          <exception class="java.lang.AssertionError">
            <message>
              <![CDATA[expected [Google] but found [Zoho - Cloud Software Suite and SaaS Applications for Businesses]]]>
            </message>
            <full-stacktrace>
              <![CDATA[java.lang.AssertionError: expected [Google] but found [Zoho - Cloud Software Suite and SaaS Applications for Businesses]
at org.testng.Assert.fail(Assert.java:96)
at org.testng.Assert.failNotEquals(Assert.java:776)
at org.testng.Assert.assertEqualsImpl(Assert.java:137)
at org.testng.Assert.assertEquals(Assert.java:118)
at org.testng.Assert.assertEquals(Assert.java:453)
at org.testng.Assert.assertEquals(Assert.java:463)
at fmaven.mymaveen.Login.titleTest(Login.java:46)
at sun.reflect.NativeMethodAccessorImpl.invoke0(Native Method)
at sun.reflect.NativeMethodAccessorImpl.invoke(Unknown Source)
at sun.reflect.DelegatingMethodAccessorImpl.invoke(Unknown Source)
at java.lang.reflect.Method.invoke(Unknown Source)
at org.testng.internal.MethodInvocationHelper.invokeMethod(MethodInvocationHelper.java:124)
at org.testng.internal.Invoker.invokeMethod(Invoker.java:580)
at org.testng.internal.Invoker.invokeTestMethod(Invoker.java:716)
at org.testng.internal.Invoker.invokeTestMethods(Invoker.java:988)
at org.testng.internal.TestMethodWorker.invokeTestMethods(TestMethodWorker.java:125)
at org.testng.internal.TestMethodWorker.run(TestMethodWorker.java:109)
at java.util.concurrent.ThreadPoolExecutor.runWorker(Unknown Source)
at java.util.concurrent.ThreadPoolExecutor$Worker.run(Unknown Source)
at java.lang.Thread.run(Unknown Source)
]]>
            </full-stacktrace>
          </exception> <!-- java.lang.AssertionError -->
          <reporter-output>
          </reporter-output>
        </test-method> <!-- titleTest -->
        <test-method status="PASS" signature="teardown()[pri:0, instance:fmaven.mymaveen.Login@33afa13b]" name="teardown" is-config="true" duration-ms="2936" started-at="2020-03-25T06:57:22Z" finished-at="2020-03-25T06:57:25Z">
          <reporter-output>
          </reporter-output>
        </test-method> <!-- teardown -->
        <test-method status="PASS" signature="setup()[pri:0, instance:fmaven.mymaveen.Login@33afa13b]" name="setup" is-config="true" duration-ms="28382" started-at="2020-03-25T06:57:25Z" finished-at="2020-03-25T06:57:54Z">
          <reporter-output>
          </reporter-output>
        </test-method> <!-- setup -->
        <test-method status="PASS" signature="test1()[pri:2, instance:fmaven.mymaveen.Login@33afa13b]" name="test1" duration-ms="3944" started-at="2020-03-25T06:57:54Z" finished-at="2020-03-25T06:57:58Z">
          <reporter-output>
          </reporter-output>
        </test-method> <!-- test1 -->
        <test-method status="PASS" signature="teardown()[pri:0, instance:fmaven.mymaveen.Login@33afa13b]" name="teardown" is-config="true" duration-ms="3195" started-at="2020-03-25T06:57:58Z" finished-at="2020-03-25T06:58:01Z">
          <reporter-output>
          </reporter-output>
        </test-method> <!-- teardown -->
      </class> <!-- fmaven.mymaveen.Login -->
    </test> <!-- Login Test -->
  </suite> <!-- TestNGXMLTest Test Suite -->
</testng-results>
